Release 14.7 - ngc2edif P.20131013 (nt64)
Copyright (c) 1995-2013 Xilinx, Inc.  All rights reserved.
Reading design Placa_Mae.ngc ...
WARNING:NetListWriters:298 - No output is written to Placa_Mae.xncf, ignored.
Processing design ...
   Preping design's networks ...
   Preping design's macros ...
  finished :Prep
Writing EDIF netlist file Placa_Mae.edif ...
ngc2edif: Total memory usage is 4315120 kilobytes

Release 14.7 - ngc2edif P.20131013 (nt64)
Copyright (c) 1995-2013 Xilinx, Inc.  All rights reserved.
Reading design Placa_Mae.ngc ...
WARNING:NetListWriters:298 - No output is written to Placa_Mae.xncf, ignored.
Processing design ...
   Preping design's networks ...
   Preping design's macros ...
  finished :Prep
Writing EDIF netlist file Placa_Mae.edif ...
ngc2edif: Total memory usage is 4314544 kilobytes

Release 14.7 - ngc2edif P.20131013 (nt64)
Copyright (c) 1995-2013 Xilinx, Inc.  All rights reserved.
Reading design Placa_Mae.ngc ...
WARNING:NetListWriters:298 - No output is written to Placa_Mae.xncf, ignored.
Processing design ...
   Preping design's networks ...
   Preping design's macros ...
  finished :Prep
Writing EDIF netlist file Placa_Mae.edif ...
ngc2edif: Total memory usage is 4314544 kilobytes

Release 14.7 - ngc2edif P.20131013 (nt64)
Copyright (c) 1995-2013 Xilinx, Inc.  All rights reserved.
Reading design Placa_Mae.ngc ...
WARNING:NetListWriters:298 - No output is written to Placa_Mae.xncf, ignored.
Processing design ...
   Preping design's networks ...
   Preping design's macros ...
  finished :Prep
Writing EDIF netlist file Placa_Mae.edif ...
ngc2edif: Total memory usage is 4314544 kilobytes

Release 14.7 - ngc2edif P.20131013 (nt64)
Copyright (c) 1995-2013 Xilinx, Inc.  All rights reserved.
Reading design Placa_Mae.ngc ...
WARNING:NetListWriters:298 - No output is written to Placa_Mae.xncf, ignored.
Processing design ...
   Preping design's networks ...
   Preping design's macros ...
  finished :Prep
Writing EDIF netlist file Placa_Mae.edif ...
ngc2edif: Total memory usage is 4314544 kilobytes

