#-----------------------------------------------------------
# PlanAhead v14.7 (64-bit)
# Build 321239 by xbuild on Fri Sep 27 19:29:51 MDT 2013
# Start of session at: Thu Mar 14 12:04:37 2024
# Process ID: 19428
# Log file: D:/Users/afons/Desktop/TP1 Backup/planAhead_run_1/planAhead.log
# Journal file: D:/Users/afons/Desktop/TP1 Backup/planAhead_run_1/planAhead.jou
#-----------------------------------------------------------
INFO: [Common 17-78] Attempting to get a license: PlanAhead
INFO: [Common 17-290] Got license for PlanAhead
INFO: [Device 21-36] Loading parts and site information from D:/Xilinx/14.7/ISE_DS/PlanAhead/data/parts/arch.xml
Parsing RTL primitives file [D:/Xilinx/14.7/ISE_DS/PlanAhead/data/parts/xilinx/rtl/prims/rtl_prims.xml]
Finished parsing RTL primitives file [D:/Xilinx/14.7/ISE_DS/PlanAhead/data/parts/xilinx/rtl/prims/rtl_prims.xml]
start_gui
source {D:/Users/afons/Desktop/TP1 Backup/pa.fromNetlist.tcl}
# create_project -name TP1 -dir "D:/Users/afons/Desktop/TP1 Backup/planAhead_run_1" -part xc3s500efg320-4
# set_property design_mode GateLvl [get_property srcset [current_run -impl]]
# set_property edif_top_file "D:/Users/afons/Desktop/TP1 Backup/Placa_Mae.ngc" [ get_property srcset [ current_run ] ]
# add_files -norecurse { {D:/Users/afons/Desktop/TP1 Backup} }
# set_param project.pinAheadLayout  yes
# set_property target_constrs_file "Placa_Mae.ucf" [current_fileset -constrset]
Adding file 'D:/Users/afons/Desktop/TP1 Backup/Placa_Mae.ucf' to fileset 'constrs_1'
# add_files [list {Placa_Mae.ucf}] -fileset [get_property constrset [current_run]]
# link_design
Design is defaulting to srcset: sources_1
Design is defaulting to constrset: constrs_1
Design is defaulting to project part: xc3s500efg320-4
Release 14.7 - ngc2edif P.20131013 (nt64)
Copyright (c) 1995-2013 Xilinx, Inc.  All rights reserved.
Reading design Placa_Mae.ngc ...
WARNING:NetListWriters:298 - No output is written to Placa_Mae.xncf, ignored.
Processing design ...
   Preping design's networks ...
   Preping design's macros ...
  finished :Prep
Writing EDIF netlist file Placa_Mae.edif ...
ngc2edif: Total memory usage is 4314544 kilobytes

Parsing EDIF File [./planAhead_run_1/TP1.data/cache/Placa_Mae_ngc_zx.edif]
Finished Parsing EDIF File [./planAhead_run_1/TP1.data/cache/Placa_Mae_ngc_zx.edif]
INFO: [Designutils 20-910] Reading macro library D:/Xilinx/14.7/ISE_DS/PlanAhead/data\./parts/xilinx/spartan3e/spartan3e/hd_int_macros.edn
Parsing EDIF File [D:/Xilinx/14.7/ISE_DS/PlanAhead/data\./parts/xilinx/spartan3e/spartan3e/hd_int_macros.edn]
Finished Parsing EDIF File [D:/Xilinx/14.7/ISE_DS/PlanAhead/data\./parts/xilinx/spartan3e/spartan3e/hd_int_macros.edn]
Loading clock regions from D:/Xilinx/14.7/ISE_DS/PlanAhead/data\parts/xilinx/spartan3e/spartan3e/xc3s500e/ClockRegion.xml
Loading clock buffers from D:/Xilinx/14.7/ISE_DS/PlanAhead/data\parts/xilinx/spartan3e/spartan3e/xc3s500e/ClockBuffers.xml
Loading package from D:/Xilinx/14.7/ISE_DS/PlanAhead/data\parts/xilinx/spartan3e/spartan3e/xc3s500e/fg320/Package.xml
Loading io standards from D:/Xilinx/14.7/ISE_DS/PlanAhead/data\./parts/xilinx/spartan3e/IOStandards.xml
INFO: [Device 21-19] Loading pkg sso from D:/Xilinx/14.7/ISE_DS/PlanAhead/data\parts/xilinx/spartan3e/spartan3e/xc3s500e/fg320/SSORules.xml
Loading list of drcs for the architecture : D:/Xilinx/14.7/ISE_DS/PlanAhead/data\./parts/xilinx/spartan3e/spartan3e/drc.xml
INFO: [Timing 38-77] Reading timing library D:/Xilinx/14.7/ISE_DS/PlanAhead/data\parts/xilinx/spartan3e/spartan3e/spartan3e-4.lib.
INFO: [Timing 38-34] Done reading timing library D:/Xilinx/14.7/ISE_DS/PlanAhead/data\parts/xilinx/spartan3e/spartan3e/spartan3e-4.lib.
Parsing UCF File [D:/Users/afons/Desktop/TP1 Backup/Placa_Mae.ucf]
CRITICAL WARNING: [Designutils 20-30] Unrecognized site E3 [D:/Users/afons/Desktop/TP1 Backup/Placa_Mae.ucf:3]
CRITICAL WARNING: [Designutils 20-30] Unrecognized site U17 [D:/Users/afons/Desktop/TP1 Backup/Placa_Mae.ucf:20]
CRITICAL WARNING: [Designutils 20-30] Unrecognized site V17 [D:/Users/afons/Desktop/TP1 Backup/Placa_Mae.ucf:21]
CRITICAL WARNING: [Designutils 20-30] Unrecognized site N14 [D:/Users/afons/Desktop/TP1 Backup/Placa_Mae.ucf:22]
Finished Parsing UCF File [D:/Users/afons/Desktop/TP1 Backup/Placa_Mae.ucf]
INFO: [Designutils 20-20] Invalid constraints found, use command 'write_ucf -constraints invalid <file>' to save all the invalid constraints to a file
INFO: [Project 1-111] Unisim Transformation Summary:
No Unisim elements were transformed.

Phase 0 | Netlist Checksum: e729a858
link_design: Time (s): elapsed = 00:00:10 . Memory (MB): peak = 597.215 ; gain = 153.816
exit
ERROR: [PlanAhead 12-106] *** Exception: ui.h.b: Found deleted key in HTclEventBroker. Verify if the classes listed here call cleanup()
HTclEvent: DEBUG_PORT_CONFIG_CHANGE   Classes: ui.views.aR 
HTclEvent: SIGNAL_MODIFY   Classes: ui.views.aR 
HTclEvent: DEBUG_CORE_CONFIG_CHANGE   Classes: ui.views.aR 
HTclEvent: SIGNAL_BUS_MODIFY   Classes: ui.views.aR 
 (See D:/Users/afons/Desktop/TP1 Backup\planAhead_pid19428.debug)
ERROR: [Common 17-39] 'stop_gui' failed due to earlier errors.
INFO: [Common 17-206] Exiting PlanAhead at Thu Mar 14 12:05:32 2024...
INFO: [Common 17-83] Releasing license: PlanAhead
